#
# A fatal error has been detected by the Java Runtime Environment:
#
#  EXCEPTION_ACCESS_VIOLATION (0xc0000005) at pc=0x00007fff96c46f75, pid=10308, tid=21756
#
# JRE version: OpenJDK Runtime Environment Corretto-16.0.2.7.1 (16.0.2+7) (build 16.0.2+7)
# Java VM: OpenJDK 64-Bit Server VM Corretto-16.0.2.7.1 (16.0.2+7, mixed mode, sharing, tiered, compressed oops, compressed class ptrs, g1 gc, windows-amd64)
# Problematic frame:
# C  [atio6axx.dll+0x1bf6f75]
#
# No core dump will be written. Minidumps are not enabled by default on client versions of Windows
#
# If you would like to submit a bug report, please visit:
#   https://github.com/corretto/corretto-jdk/issues/
# The crash happened outside the Java Virtual Machine in native code.
# See problematic frame for where to report the bug.
#

---------------  S U M M A R Y ------------

Command Line: -Dfile.encoding=windows-1252 -Duser.country=US -Duser.language=en -Duser.variant -ea main

Host: AMD Ryzen 9 5950X 16-Core Processor            , 32 cores, 63G,  Windows 10 , 64 bit Build 19041 (10.0.19041.1889)
Time: Sun Aug 21 16:13:27 2022 Central Daylight Time elapsed time: 0.456065 seconds (0d 0h 0m 0s)

---------------  T H R E A D  ---------------

Current thread (0x000002d200816480):  JavaThread "main" [_thread_in_native, id=21756, stack(0x000000e2d3600000,0x000000e2d3700000)]

Stack: [0x000000e2d3600000,0x000000e2d3700000],  sp=0x000000e2d36fe388,  free space=1016k
Native frames: (J=compiled Java code, j=interpreted, Vv=VM code, C=native code)
C  [atio6axx.dll+0x1bf6f75]

Java frames: (J=compiled Java code, j=interpreted, Vv=VM code)
j  org.lwjgl.opengl.GL11C.nglTexImage2D(IIIIIIIIJ)V+0
j  org.lwjgl.opengl.GL11C.glTexImage2D(IIIIIIIILjava/nio/ByteBuffer;)V+17
j  org.lwjgl.opengl.GL11.glTexImage2D(IIIIIIIILjava/nio/ByteBuffer;)V+14
j  renderer.Texture.<init>(Ljava/lang/String;)V+132
j  Jade.LevelEditorScene.init()V+45
j  Jade.Window.changeScene(I)V+41
j  Jade.Window.init()V+162
j  Jade.Window.run()V+15
j  main.main([Ljava/lang/String;)V+5
v  ~StubRoutines::call_stub

siginfo: EXCEPTION_ACCESS_VIOLATION (0xc0000005), reading address 0x000002d24f9a6ff0


Register to memory mapping:

RIP=0x00007fff96c46f75 atio6axx.dll
RAX=0x000002d24f9a7040 points into unknown readable memory: 0x0000000000000000 | 00 00 00 00 00 00 00 00
RBX=0x000002d245b16220 points into unknown readable memory: 0x0000078000000001 | 01 00 00 00 80 07 00 00
RCX=0x000002d250446fb0 points into unknown readable memory: 0x0000000000000000 | 00 00 00 00 00 00 00 00
RDX=0xffffffffff560000 is an unknown value
RSP=0x000000e2d36fe388 is pointing into the stack for thread: 0x000002d200816480
RBP=0x000002d245b832e8 points into unknown readable memory: 0x0000000000e10000 | 00 00 e1 00 00 00 00 00
RSI=0x000002d245b832e8 points into unknown readable memory: 0x0000000000e10000 | 00 00 e1 00 00 00 00 00
RDI=0x0000000000e10000 is an unknown value
R8 =0x0000000000e0fff0 is an unknown value
R9 =0x00000000000153ff is an unknown value
R10=0x000002d24ef07040 points into unknown readable memory: 0xffffffffffffffff | ff ff ff ff ff ff ff ff
R11=0x000002d24f9a7040 points into unknown readable memory: 0x0000000000000000 | 00 00 00 00 00 00 00 00
R12=0x00007fff97b54888 atio6axx.dll
R13=0x000002d245ca8510 points into unknown readable memory: 0x000002d245bd1940 | 40 19 bd 45 d2 02 00 00
R14=0x0000000000001e00 is an unknown value
R15=0x0000000000001e00 is an unknown value


Registers:
RAX=0x000002d24f9a7040, RBX=0x000002d245b16220, RCX=0x000002d250446fb0, RDX=0xffffffffff560000
RSP=0x000000e2d36fe388, RBP=0x000002d245b832e8, RSI=0x000002d245b832e8, RDI=0x0000000000e10000
R8 =0x0000000000e0fff0, R9 =0x00000000000153ff, R10=0x000002d24ef07040, R11=0x000002d24f9a7040
R12=0x00007fff97b54888, R13=0x000002d245ca8510, R14=0x0000000000001e00, R15=0x0000000000001e00
RIP=0x00007fff96c46f75, EFLAGS=0x0000000000010202

Top of Stack: (sp=0x000000e2d36fe388)
0x000000e2d36fe388:   00007fff964d4d0b 000002d245c97cb0
0x000000e2d36fe398:   000002d245cd11f8 0000000000000780
0x000000e2d36fe3a8:   0000000000000000 0000000000000000
0x000000e2d36fe3b8:   0000000000000854 000002d245bfd000
0x000000e2d36fe3c8:   00007fff96c75eac 000002d245c97cb0
0x000000e2d36fe3d8:   000000e2d36fe618 0000000000000780
0x000000e2d36fe3e8:   0000000000000001 000002d245c97cb0
0x000000e2d36fe3f8:   00007fff9645ec2a 000002d245b16201
0x000000e2d36fe408:   0000000000000000 000002d245a7df90
0x000000e2d36fe418:   000002d245ca8510 3f80000000000001
0x000000e2d36fe428:   3f80000000000000 0000000000000036
0x000000e2d36fe438:   0000000000000000 000002d24ef07040
0x000000e2d36fe448:   3f80000000000001 0000000000000000
0x000000e2d36fe458:   000000e2d36fe4f0 0000000000001e00
0x000000e2d36fe468:   0000000000000000 000002d200000000
0x000000e2d36fe478:   0000000000000000 000000e200000000 

Instructions: (pc=0x00007fff96c46f75)
0x00007fff96c46e75:   8b d9 49 c1 eb 04 47 8b 9c 9a 88 f0 dc 02 4d 03
0x00007fff96c46e85:   da 41 ff e3 f3 42 0f 6f 4c 0a 80 f3 42 0f 7f 4c
0x00007fff96c46e95:   09 80 f3 42 0f 6f 4c 0a 90 f3 42 0f 7f 4c 09 90
0x00007fff96c46ea5:   f3 42 0f 6f 4c 0a a0 f3 42 0f 7f 4c 09 a0 f3 42
0x00007fff96c46eb5:   0f 6f 4c 0a b0 f3 42 0f 7f 4c 09 b0 f3 42 0f 6f
0x00007fff96c46ec5:   4c 0a c0 f3 42 0f 7f 4c 09 c0 f3 42 0f 6f 4c 0a
0x00007fff96c46ed5:   d0 f3 42 0f 7f 4c 09 d0 f3 42 0f 6f 4c 0a e0 f3
0x00007fff96c46ee5:   42 0f 7f 4c 09 e0 f3 42 0f 7f 6c 01 f0 f3 0f 7f
0x00007fff96c46ef5:   00 c3 66 0f 1f 84 00 00 00 00 00 4c 8b d9 4c 8b
0x00007fff96c46f05:   d2 48 2b d1 49 03 c8 0f 10 44 11 f0 48 83 e9 10
0x00007fff96c46f15:   49 83 e8 10 f6 c1 0f 74 17 48 8b c1 48 83 e1 f0
0x00007fff96c46f25:   0f 10 c8 0f 10 04 11 0f 11 08 4c 8b c1 4d 2b c3
0x00007fff96c46f35:   4d 8b c8 49 c1 e9 07 74 6f 0f 29 01 eb 14 66 66
0x00007fff96c46f45:   66 66 66 0f 1f 84 00 00 00 00 00 0f 29 41 10 0f
0x00007fff96c46f55:   29 09 0f 10 44 11 f0 0f 10 4c 11 e0 48 81 e9 80
0x00007fff96c46f65:   00 00 00 0f 29 41 70 0f 29 49 60 0f 10 44 11 50
0x00007fff96c46f75:   0f 10 4c 11 40 49 ff c9 0f 29 41 50 0f 29 49 40
0x00007fff96c46f85:   0f 10 44 11 30 0f 10 4c 11 20 0f 29 41 30 0f 29
0x00007fff96c46f95:   49 20 0f 10 44 11 10 0f 10 0c 11 75 ae 0f 29 41
0x00007fff96c46fa5:   10 49 83 e0 7f 0f 28 c1 4d 8b c8 49 c1 e9 04 74
0x00007fff96c46fb5:   1a 66 66 0f 1f 84 00 00 00 00 00 0f 11 01 48 83
0x00007fff96c46fc5:   e9 10 0f 10 04 11 49 ff c9 75 f0 49 83 e0 0f 74
0x00007fff96c46fd5:   08 41 0f 10 0a 41 0f 11 0b 0f 11 01 49 8b c3 c3
0x00007fff96c46fe5:   cc cc cc 48 89 5c 24 18 48 89 74 24 20 57 48 83
0x00007fff96c46ff5:   ec 50 48 8b da 48 8b f1 bf 20 05 93 19 48 85 d2
0x00007fff96c47005:   74 1d f6 02 10 74 18 48 8b 09 48 83 e9 08 48 8b
0x00007fff96c47015:   01 48 8b 58 30 48 8b 40 40 ff 15 b4 b8 18 00 48
0x00007fff96c47025:   8d 54 24 20 48 8b cb ff 15 4e b5 18 00 48 89 44
0x00007fff96c47035:   24 20 48 85 db 74 0f f6 03 08 75 05 48 85 c0 75
0x00007fff96c47045:   05 bf 00 40 99 01 ba 01 00 00 00 48 89 7c 24 28
0x00007fff96c47055:   4c 8d 4c 24 28 48 89 74 24 30 b9 63 73 6d e0 48
0x00007fff96c47065:   89 5c 24 38 48 89 44 24 40 44 8d 42 03 ff 15 10 


Stack slot to memory mapping:
stack at sp + 0 slots: 0x00007fff964d4d0b atio6axx.dll
stack at sp + 1 slots: 0x000002d245c97cb0 points into unknown readable memory: 0x00007fff97890b88 | 88 0b 89 97 ff 7f 00 00
stack at sp + 2 slots: 0x000002d245cd11f8 points into unknown readable memory: 0x0000000000000000 | 00 00 00 00 00 00 00 00
stack at sp + 3 slots: 0x0000000000000780 is an unknown value
stack at sp + 4 slots: 0x0 is NULL
stack at sp + 5 slots: 0x0 is NULL
stack at sp + 6 slots: 0x0000000000000854 is an unknown value
stack at sp + 7 slots: 0x000002d245bfd000 points into unknown readable memory: 0x0000000100000200 | 00 02 00 00 01 00 00 00


---------------  P R O C E S S  ---------------

Threads class SMR info:
_java_thread_list=0x000002d2463d8990, length=15, elements={
0x000002d200816480, 0x000002d241d3e830, 0x000002d24318b720, 0x000002d2431a1a00,
0x000002d2431a5920, 0x000002d2431a6320, 0x000002d2431a6d20, 0x000002d2431acf60,
0x000002d2431d7a80, 0x000002d2431e48c0, 0x000002d2432dc110, 0x000002d2433199e0,
0x000002d24331bbc0, 0x000002d2463d82c0, 0x000002d24dcd4430
}

Java Threads: ( => current thread )
=>0x000002d200816480 JavaThread "main" [_thread_in_native, id=21756, stack(0x000000e2d3600000,0x000000e2d3700000)]
  0x000002d241d3e830 JavaThread "Reference Handler" daemon [_thread_blocked, id=8092, stack(0x000000e2d3d00000,0x000000e2d3e00000)]
  0x000002d24318b720 JavaThread "Finalizer" daemon [_thread_blocked, id=16836, stack(0x000000e2d3e00000,0x000000e2d3f00000)]
  0x000002d2431a1a00 JavaThread "Signal Dispatcher" daemon [_thread_blocked, id=14168, stack(0x000000e2d3f00000,0x000000e2d4000000)]
  0x000002d2431a5920 JavaThread "Attach Listener" daemon [_thread_blocked, id=24384, stack(0x000000e2d4000000,0x000000e2d4100000)]
  0x000002d2431a6320 JavaThread "Service Thread" daemon [_thread_blocked, id=4756, stack(0x000000e2d4100000,0x000000e2d4200000)]
  0x000002d2431a6d20 JavaThread "Monitor Deflation Thread" daemon [_thread_blocked, id=5736, stack(0x000000e2d4200000,0x000000e2d4300000)]
  0x000002d2431acf60 JavaThread "C2 CompilerThread0" daemon [_thread_blocked, id=8816, stack(0x000000e2d4300000,0x000000e2d4400000)]
  0x000002d2431d7a80 JavaThread "C1 CompilerThread0" daemon [_thread_blocked, id=3252, stack(0x000000e2d4400000,0x000000e2d4500000)]
  0x000002d2431e48c0 JavaThread "Sweeper thread" daemon [_thread_blocked, id=7872, stack(0x000000e2d4500000,0x000000e2d4600000)]
  0x000002d2432dc110 JavaThread "C1 CompilerThread1" daemon [_thread_blocked, id=24732, stack(0x000000e2d4600000,0x000000e2d4700000)]
  0x000002d2433199e0 JavaThread "Notification Thread" daemon [_thread_blocked, id=19348, stack(0x000000e2d4700000,0x000000e2d4800000)]
  0x000002d24331bbc0 JavaThread "Common-Cleaner" daemon [_thread_blocked, id=6544, stack(0x000000e2d4900000,0x000000e2d4a00000)]
  0x000002d2463d82c0 JavaThread "C1 CompilerThread2" daemon [_thread_blocked, id=13392, stack(0x000000e2d4a00000,0x000000e2d4b00000)]
  0x000002d24dcd4430 JavaThread "C2 CompilerThread1" daemon [_thread_blocked, id=24356, stack(0x000000e2d4e00000,0x000000e2d4f00000)]

Other Threads:
  0x000002d243186a60 VMThread "VM Thread" [stack: 0x000000e2d3c00000,0x000000e2d3d00000] [id=24232]
  0x000002d24331a720 WatcherThread [stack: 0x000000e2d4800000,0x000000e2d4900000] [id=4264]
  0x000002d2008d2ee0 GCTaskThread "GC Thread#0" [stack: 0x000000e2d3700000,0x000000e2d3800000] [id=22608]
  0x000002d2008e40a0 ConcurrentGCThread "G1 Main Marker" [stack: 0x000000e2d3800000,0x000000e2d3900000] [id=16448]
  0x000002d2008e63e0 ConcurrentGCThread "G1 Conc#0" [stack: 0x000000e2d3900000,0x000000e2d3a00000] [id=22708]
  0x000002d241d110d0 ConcurrentGCThread "G1 Refine#0" [stack: 0x000000e2d3a00000,0x000000e2d3b00000] [id=14516]
  0x000002d241d11bd0 ConcurrentGCThread "G1 Service" [stack: 0x000000e2d3b00000,0x000000e2d3c00000] [id=15872]

Threads with active compile tasks:

VM state: not at safepoint (normal execution)

VM Mutex/Monitor currently owned by a thread: None

Heap address: 0x0000000401000000, size: 16368 MB, Compressed Oops mode: Zero based, Oop shift amount: 3

CDS archive(s) mapped at: [0x0000000800000000-0x0000000800be0000-0x0000000800be0000), size 12451840, SharedBaseAddress: 0x0000000800000000, ArchiveRelocationMode: 0.
Compressed class space mapped at: 0x0000000800c00000-0x0000000840c00000, reserved size: 1073741824
Narrow klass base: 0x0000000800000000, Narrow klass shift: 3, Narrow klass range: 0x100000000

GC Precious Log:
 CPUs: 32 total, 32 available
 Memory: 65456M
 Large Page Support: Disabled
 NUMA Support: Disabled
 Compressed Oops: Enabled (Zero based)
 Heap Region Size: 8M
 Heap Min Capacity: 8M
 Heap Initial Capacity: 1G
 Heap Max Capacity: 16368M
 Pre-touch: Disabled
 Parallel Workers: 23
 Concurrent Workers: 6
 Concurrent Refinement Workers: 23
 Periodic GC: Disabled

Heap:
 garbage-first heap   total 1048576K, used 8192K [0x0000000401000000, 0x0000000800000000)
  region size 8192K, 2 young (16384K), 0 survivors (0K)
 Metaspace       used 4093K, committed 4288K, reserved 1056768K
  class space    used 203K, committed 320K, reserved 1048576K

Heap Regions: E=young(eden), S=young(survivor), O=old, HS=humongous(starts), HC=humongous(continues), CS=collection set, F=free, OA=open archive, CA=closed archive, TAMS=top-at-mark-start (previous, next)
|   0|0x0000000401000000, 0x0000000401000000, 0x0000000401800000|  0%| F|  |TAMS 0x0000000401000000, 0x0000000401000000| Untracked 
|   1|0x0000000401800000, 0x0000000401800000, 0x0000000402000000|  0%| F|  |TAMS 0x0000000401800000, 0x0000000401800000| Untracked 
|   2|0x0000000402000000, 0x0000000402000000, 0x0000000402800000|  0%| F|  |TAMS 0x0000000402000000, 0x0000000402000000| Untracked 
|   3|0x0000000402800000, 0x0000000402800000, 0x0000000403000000|  0%| F|  |TAMS 0x0000000402800000, 0x0000000402800000| Untracked 
|   4|0x0000000403000000, 0x0000000403000000, 0x0000000403800000|  0%| F|  |TAMS 0x0000000403000000, 0x0000000403000000| Untracked 
|   5|0x0000000403800000, 0x0000000403800000, 0x0000000404000000|  0%| F|  |TAMS 0x0000000403800000, 0x0000000403800000| Untracked 
|   6|0x0000000404000000, 0x0000000404000000, 0x0000000404800000|  0%| F|  |TAMS 0x0000000404000000, 0x0000000404000000| Untracked 
|   7|0x0000000404800000, 0x0000000404800000, 0x0000000405000000|  0%| F|  |TAMS 0x0000000404800000, 0x0000000404800000| Untracked 
|   8|0x0000000405000000, 0x0000000405000000, 0x0000000405800000|  0%| F|  |TAMS 0x0000000405000000, 0x0000000405000000| Untracked 
|   9|0x0000000405800000, 0x0000000405800000, 0x0000000406000000|  0%| F|  |TAMS 0x0000000405800000, 0x0000000405800000| Untracked 
|  10|0x0000000406000000, 0x0000000406000000, 0x0000000406800000|  0%| F|  |TAMS 0x0000000406000000, 0x0000000406000000| Untracked 
|  11|0x0000000406800000, 0x0000000406800000, 0x0000000407000000|  0%| F|  |TAMS 0x0000000406800000, 0x0000000406800000| Untracked 
|  12|0x0000000407000000, 0x0000000407000000, 0x0000000407800000|  0%| F|  |TAMS 0x0000000407000000, 0x0000000407000000| Untracked 
|  13|0x0000000407800000, 0x0000000407800000, 0x0000000408000000|  0%| F|  |TAMS 0x0000000407800000, 0x0000000407800000| Untracked 
|  14|0x0000000408000000, 0x0000000408000000, 0x0000000408800000|  0%| F|  |TAMS 0x0000000408000000, 0x0000000408000000| Untracked 
|  15|0x0000000408800000, 0x0000000408800000, 0x0000000409000000|  0%| F|  |TAMS 0x0000000408800000, 0x0000000408800000| Untracked 
|  16|0x0000000409000000, 0x0000000409000000, 0x0000000409800000|  0%| F|  |TAMS 0x0000000409000000, 0x0000000409000000| Untracked 
|  17|0x0000000409800000, 0x0000000409800000, 0x000000040a000000|  0%| F|  |TAMS 0x0000000409800000, 0x0000000409800000| Untracked 
|  18|0x000000040a000000, 0x000000040a000000, 0x000000040a800000|  0%| F|  |TAMS 0x000000040a000000, 0x000000040a000000| Untracked 
|  19|0x000000040a800000, 0x000000040a800000, 0x000000040b000000|  0%| F|  |TAMS 0x000000040a800000, 0x000000040a800000| Untracked 
|  20|0x000000040b000000, 0x000000040b000000, 0x000000040b800000|  0%| F|  |TAMS 0x000000040b000000, 0x000000040b000000| Untracked 
|  21|0x000000040b800000, 0x000000040b800000, 0x000000040c000000|  0%| F|  |TAMS 0x000000040b800000, 0x000000040b800000| Untracked 
|  22|0x000000040c000000, 0x000000040c000000, 0x000000040c800000|  0%| F|  |TAMS 0x000000040c000000, 0x000000040c000000| Untracked 
|  23|0x000000040c800000, 0x000000040c800000, 0x000000040d000000|  0%| F|  |TAMS 0x000000040c800000, 0x000000040c800000| Untracked 
|  24|0x000000040d000000, 0x000000040d000000, 0x000000040d800000|  0%| F|  |TAMS 0x000000040d000000, 0x000000040d000000| Untracked 
|  25|0x000000040d800000, 0x000000040d800000, 0x000000040e000000|  0%| F|  |TAMS 0x000000040d800000, 0x000000040d800000| Untracked 
|  26|0x000000040e000000, 0x000000040e000000, 0x000000040e800000|  0%| F|  |TAMS 0x000000040e000000, 0x000000040e000000| Untracked 
|  27|0x000000040e800000, 0x000000040e800000, 0x000000040f000000|  0%| F|  |TAMS 0x000000040e800000, 0x000000040e800000| Untracked 
|  28|0x000000040f000000, 0x000000040f000000, 0x000000040f800000|  0%| F|  |TAMS 0x000000040f000000, 0x000000040f000000| Untracked 
|  29|0x000000040f800000, 0x000000040f800000, 0x0000000410000000|  0%| F|  |TAMS 0x000000040f800000, 0x000000040f800000| Untracked 
|  30|0x0000000410000000, 0x0000000410000000, 0x0000000410800000|  0%| F|  |TAMS 0x0000000410000000, 0x0000000410000000| Untracked 
|  31|0x0000000410800000, 0x0000000410800000, 0x0000000411000000|  0%| F|  |TAMS 0x0000000410800000, 0x0000000410800000| Untracked 
|  32|0x0000000411000000, 0x0000000411000000, 0x0000000411800000|  0%| F|  |TAMS 0x0000000411000000, 0x0000000411000000| Untracked 
|  33|0x0000000411800000, 0x0000000411800000, 0x0000000412000000|  0%| F|  |TAMS 0x0000000411800000, 0x0000000411800000| Untracked 
|  34|0x0000000412000000, 0x0000000412000000, 0x0000000412800000|  0%| F|  |TAMS 0x0000000412000000, 0x0000000412000000| Untracked 
|  35|0x0000000412800000, 0x0000000412800000, 0x0000000413000000|  0%| F|  |TAMS 0x0000000412800000, 0x0000000412800000| Untracked 
|  36|0x0000000413000000, 0x0000000413000000, 0x0000000413800000|  0%| F|  |TAMS 0x0000000413000000, 0x0000000413000000| Untracked 
|  37|0x0000000413800000, 0x0000000413800000, 0x0000000414000000|  0%| F|  |TAMS 0x0000000413800000, 0x0000000413800000| Untracked 
|  38|0x0000000414000000, 0x0000000414000000, 0x0000000414800000|  0%| F|  |TAMS 0x0000000414000000, 0x0000000414000000| Untracked 
|  39|0x0000000414800000, 0x0000000414800000, 0x0000000415000000|  0%| F|  |TAMS 0x0000000414800000, 0x0000000414800000| Untracked 
|  40|0x0000000415000000, 0x0000000415000000, 0x0000000415800000|  0%| F|  |TAMS 0x0000000415000000, 0x0000000415000000| Untracked 
|  41|0x0000000415800000, 0x0000000415800000, 0x0000000416000000|  0%| F|  |TAMS 0x0000000415800000, 0x0000000415800000| Untracked 
|  42|0x0000000416000000, 0x0000000416000000, 0x0000000416800000|  0%| F|  |TAMS 0x0000000416000000, 0x0000000416000000| Untracked 
|  43|0x0000000416800000, 0x0000000416800000, 0x0000000417000000|  0%| F|  |TAMS 0x0000000416800000, 0x0000000416800000| Untracked 
|  44|0x0000000417000000, 0x0000000417000000, 0x0000000417800000|  0%| F|  |TAMS 0x0000000417000000, 0x0000000417000000| Untracked 
|  45|0x0000000417800000, 0x0000000417800000, 0x0000000418000000|  0%| F|  |TAMS 0x0000000417800000, 0x0000000417800000| Untracked 
|  46|0x0000000418000000, 0x0000000418000000, 0x0000000418800000|  0%| F|  |TAMS 0x0000000418000000, 0x0000000418000000| Untracked 
|  47|0x0000000418800000, 0x0000000418800000, 0x0000000419000000|  0%| F|  |TAMS 0x0000000418800000, 0x0000000418800000| Untracked 
|  48|0x0000000419000000, 0x0000000419000000, 0x0000000419800000|  0%| F|  |TAMS 0x0000000419000000, 0x0000000419000000| Untracked 
|  49|0x0000000419800000, 0x0000000419800000, 0x000000041a000000|  0%| F|  |TAMS 0x0000000419800000, 0x0000000419800000| Untracked 
|  50|0x000000041a000000, 0x000000041a000000, 0x000000041a800000|  0%| F|  |TAMS 0x000000041a000000, 0x000000041a000000| Untracked 
|  51|0x000000041a800000, 0x000000041a800000, 0x000000041b000000|  0%| F|  |TAMS 0x000000041a800000, 0x000000041a800000| Untracked 
|  52|0x000000041b000000, 0x000000041b000000, 0x000000041b800000|  0%| F|  |TAMS 0x000000041b000000, 0x000000041b000000| Untracked 
|  53|0x000000041b800000, 0x000000041b800000, 0x000000041c000000|  0%| F|  |TAMS 0x000000041b800000, 0x000000041b800000| Untracked 
|  54|0x000000041c000000, 0x000000041c000000, 0x000000041c800000|  0%| F|  |TAMS 0x000000041c000000, 0x000000041c000000| Untracked 
|  55|0x000000041c800000, 0x000000041c800000, 0x000000041d000000|  0%| F|  |TAMS 0x000000041c800000, 0x000000041c800000| Untracked 
|  56|0x000000041d000000, 0x000000041d000000, 0x000000041d800000|  0%| F|  |TAMS 0x000000041d000000, 0x000000041d000000| Untracked 
|  57|0x000000041d800000, 0x000000041d800000, 0x000000041e000000|  0%| F|  |TAMS 0x000000041d800000, 0x000000041d800000| Untracked 
|  58|0x000000041e000000, 0x000000041e000000, 0x000000041e800000|  0%| F|  |TAMS 0x000000041e000000, 0x000000041e000000| Untracked 
|  59|0x000000041e800000, 0x000000041e800000, 0x000000041f000000|  0%| F|  |TAMS 0x000000041e800000, 0x000000041e800000| Untracked 
|  60|0x000000041f000000, 0x000000041f000000, 0x000000041f800000|  0%| F|  |TAMS 0x000000041f000000, 0x000000041f000000| Untracked 
|  61|0x000000041f800000, 0x000000041f800000, 0x0000000420000000|  0%| F|  |TAMS 0x000000041f800000, 0x000000041f800000| Untracked 
|  62|0x0000000420000000, 0x0000000420000000, 0x0000000420800000|  0%| F|  |TAMS 0x0000000420000000, 0x0000000420000000| Untracked 
|  63|0x0000000420800000, 0x0000000420800000, 0x0000000421000000|  0%| F|  |TAMS 0x0000000420800000, 0x0000000420800000| Untracked 
|  64|0x0000000421000000, 0x0000000421000000, 0x0000000421800000|  0%| F|  |TAMS 0x0000000421000000, 0x0000000421000000| Untracked 
|  65|0x0000000421800000, 0x0000000421800000, 0x0000000422000000|  0%| F|  |TAMS 0x0000000421800000, 0x0000000421800000| Untracked 
|  66|0x0000000422000000, 0x0000000422000000, 0x0000000422800000|  0%| F|  |TAMS 0x0000000422000000, 0x0000000422000000| Untracked 
|  67|0x0000000422800000, 0x0000000422800000, 0x0000000423000000|  0%| F|  |TAMS 0x0000000422800000, 0x0000000422800000| Untracked 
|  68|0x0000000423000000, 0x0000000423000000, 0x0000000423800000|  0%| F|  |TAMS 0x0000000423000000, 0x0000000423000000| Untracked 
|  69|0x0000000423800000, 0x0000000423800000, 0x0000000424000000|  0%| F|  |TAMS 0x0000000423800000, 0x0000000423800000| Untracked 
|  70|0x0000000424000000, 0x0000000424000000, 0x0000000424800000|  0%| F|  |TAMS 0x0000000424000000, 0x0000000424000000| Untracked 
|  71|0x0000000424800000, 0x0000000424800000, 0x0000000425000000|  0%| F|  |TAMS 0x0000000424800000, 0x0000000424800000| Untracked 
|  72|0x0000000425000000, 0x0000000425000000, 0x0000000425800000|  0%| F|  |TAMS 0x0000000425000000, 0x0000000425000000| Untracked 
|  73|0x0000000425800000, 0x0000000425800000, 0x0000000426000000|  0%| F|  |TAMS 0x0000000425800000, 0x0000000425800000| Untracked 
|  74|0x0000000426000000, 0x0000000426000000, 0x0000000426800000|  0%| F|  |TAMS 0x0000000426000000, 0x0000000426000000| Untracked 
|  75|0x0000000426800000, 0x0000000426800000, 0x0000000427000000|  0%| F|  |TAMS 0x0000000426800000, 0x0000000426800000| Untracked 
|  76|0x0000000427000000, 0x0000000427000000, 0x0000000427800000|  0%| F|  |TAMS 0x0000000427000000, 0x0000000427000000| Untracked 
|  77|0x0000000427800000, 0x0000000427800000, 0x0000000428000000|  0%| F|  |TAMS 0x0000000427800000, 0x0000000427800000| Untracked 
|  78|0x0000000428000000, 0x0000000428000000, 0x0000000428800000|  0%| F|  |TAMS 0x0000000428000000, 0x0000000428000000| Untracked 
|  79|0x0000000428800000, 0x0000000428800000, 0x0000000429000000|  0%| F|  |TAMS 0x0000000428800000, 0x0000000428800000| Untracked 
|  80|0x0000000429000000, 0x0000000429000000, 0x0000000429800000|  0%| F|  |TAMS 0x0000000429000000, 0x0000000429000000| Untracked 
|  81|0x0000000429800000, 0x0000000429800000, 0x000000042a000000|  0%| F|  |TAMS 0x0000000429800000, 0x0000000429800000| Untracked 
|  82|0x000000042a000000, 0x000000042a000000, 0x000000042a800000|  0%| F|  |TAMS 0x000000042a000000, 0x000000042a000000| Untracked 
|  83|0x000000042a800000, 0x000000042a800000, 0x000000042b000000|  0%| F|  |TAMS 0x000000042a800000, 0x000000042a800000| Untracked 
|  84|0x000000042b000000, 0x000000042b000000, 0x000000042b800000|  0%| F|  |TAMS 0x000000042b000000, 0x000000042b000000| Untracked 
|  85|0x000000042b800000, 0x000000042b800000, 0x000000042c000000|  0%| F|  |TAMS 0x000000042b800000, 0x000000042b800000| Untracked 
|  86|0x000000042c000000, 0x000000042c000000, 0x000000042c800000|  0%| F|  |TAMS 0x000000042c000000, 0x000000042c000000| Untracked 
|  87|0x000000042c800000, 0x000000042c800000, 0x000000042d000000|  0%| F|  |TAMS 0x000000042c800000, 0x000000042c800000| Untracked 
|  88|0x000000042d000000, 0x000000042d000000, 0x000000042d800000|  0%| F|  |TAMS 0x000000042d000000, 0x000000042d000000| Untracked 
|  89|0x000000042d800000, 0x000000042d800000, 0x000000042e000000|  0%| F|  |TAMS 0x000000042d800000, 0x000000042d800000| Untracked 
|  90|0x000000042e000000, 0x000000042e000000, 0x000000042e800000|  0%| F|  |TAMS 0x000000042e000000, 0x000000042e000000| Untracked 
|  91|0x000000042e800000, 0x000000042e800000, 0x000000042f000000|  0%| F|  |TAMS 0x000000042e800000, 0x000000042e800000| Untracked 
|  92|0x000000042f000000, 0x000000042f000000, 0x000000042f800000|  0%| F|  |TAMS 0x000000042f000000, 0x000000042f000000| Untracked 
|  93|0x000000042f800000, 0x000000042f800000, 0x0000000430000000|  0%| F|  |TAMS 0x000000042f800000, 0x000000042f800000| Untracked 
|  94|0x0000000430000000, 0x0000000430000000, 0x0000000430800000|  0%| F|  |TAMS 0x0000000430000000, 0x0000000430000000| Untracked 
|  95|0x0000000430800000, 0x0000000430800000, 0x0000000431000000|  0%| F|  |TAMS 0x0000000430800000, 0x0000000430800000| Untracked 
|  96|0x0000000431000000, 0x0000000431000000, 0x0000000431800000|  0%| F|  |TAMS 0x0000000431000000, 0x0000000431000000| Untracked 
|  97|0x0000000431800000, 0x0000000431800000, 0x0000000432000000|  0%| F|  |TAMS 0x0000000431800000, 0x0000000431800000| Untracked 
|  98|0x0000000432000000, 0x0000000432000000, 0x0000000432800000|  0%| F|  |TAMS 0x0000000432000000, 0x0000000432000000| Untracked 
|  99|0x0000000432800000, 0x0000000432800000, 0x0000000433000000|  0%| F|  |TAMS 0x0000000432800000, 0x0000000432800000| Untracked 
| 100|0x0000000433000000, 0x0000000433000000, 0x0000000433800000|  0%| F|  |TAMS 0x0000000433000000, 0x0000000433000000| Untracked 
| 101|0x0000000433800000, 0x0000000433800000, 0x0000000434000000|  0%| F|  |TAMS 0x0000000433800000, 0x0000000433800000| Untracked 
| 102|0x0000000434000000, 0x0000000434000000, 0x0000000434800000|  0%| F|  |TAMS 0x0000000434000000, 0x0000000434000000| Untracked 
| 103|0x0000000434800000, 0x0000000434800000, 0x0000000435000000|  0%| F|  |TAMS 0x0000000434800000, 0x0000000434800000| Untracked 
| 104|0x0000000435000000, 0x0000000435000000, 0x0000000435800000|  0%| F|  |TAMS 0x0000000435000000, 0x0000000435000000| Untracked 
| 105|0x0000000435800000, 0x0000000435800000, 0x0000000436000000|  0%| F|  |TAMS 0x0000000435800000, 0x0000000435800000| Untracked 
| 106|0x0000000436000000, 0x0000000436000000, 0x0000000436800000|  0%| F|  |TAMS 0x0000000436000000, 0x0000000436000000| Untracked 
| 107|0x0000000436800000, 0x0000000436800000, 0x0000000437000000|  0%| F|  |TAMS 0x0000000436800000, 0x0000000436800000| Untracked 
| 108|0x0000000437000000, 0x0000000437000000, 0x0000000437800000|  0%| F|  |TAMS 0x0000000437000000, 0x0000000437000000| Untracked 
| 109|0x0000000437800000, 0x0000000437800000, 0x0000000438000000|  0%| F|  |TAMS 0x0000000437800000, 0x0000000437800000| Untracked 
| 110|0x0000000438000000, 0x0000000438000000, 0x0000000438800000|  0%| F|  |TAMS 0x0000000438000000, 0x0000000438000000| Untracked 
| 111|0x0000000438800000, 0x0000000438800000, 0x0000000439000000|  0%| F|  |TAMS 0x0000000438800000, 0x0000000438800000| Untracked 
| 112|0x0000000439000000, 0x0000000439000000, 0x0000000439800000|  0%| F|  |TAMS 0x0000000439000000, 0x0000000439000000| Untracked 
| 113|0x0000000439800000, 0x0000000439800000, 0x000000043a000000|  0%| F|  |TAMS 0x0000000439800000, 0x0000000439800000| Untracked 
| 114|0x000000043a000000, 0x000000043a000000, 0x000000043a800000|  0%| F|  |TAMS 0x000000043a000000, 0x000000043a000000| Untracked 
| 115|0x000000043a800000, 0x000000043a800000, 0x000000043b000000|  0%| F|  |TAMS 0x000000043a800000, 0x000000043a800000| Untracked 
| 116|0x000000043b000000, 0x000000043b000000, 0x000000043b800000|  0%| F|  |TAMS 0x000000043b000000, 0x000000043b000000| Untracked 
| 117|0x000000043b800000, 0x000000043b800000, 0x000000043c000000|  0%| F|  |TAMS 0x000000043b800000, 0x000000043b800000| Untracked 
| 118|0x000000043c000000, 0x000000043c000000, 0x000000043c800000|  0%| F|  |TAMS 0x000000043c000000, 0x000000043c000000| Untracked 
| 119|0x000000043c800000, 0x000000043c800000, 0x000000043d000000|  0%| F|  |TAMS 0x000000043c800000, 0x000000043c800000| Untracked 
| 120|0x000000043d000000, 0x000000043d000000, 0x000000043d800000|  0%| F|  |TAMS 0x000000043d000000, 0x000000043d000000| Untracked 
| 121|0x000000043d800000, 0x000000043d800000, 0x000000043e000000|  0%| F|  |TAMS 0x000000043d800000, 0x000000043d800000| Untracked 
| 122|0x000000043e000000, 0x000000043e000000, 0x000000043e800000|  0%| F|  |TAMS 0x000000043e000000, 0x000000043e000000| Untracked 
| 123|0x000000043e800000, 0x000000043e800000, 0x000000043f000000|  0%| F|  |TAMS 0x000000043e800000, 0x000000043e800000| Untracked 
| 124|0x000000043f000000, 0x000000043f000000, 0x000000043f800000|  0%| F|  |TAMS 0x000000043f000000, 0x000000043f000000| Untracked 
| 125|0x000000043f800000, 0x000000043f800000, 0x0000000440000000|  0%| F|  |TAMS 0x000000043f800000, 0x000000043f800000| Untracked 
| 126|0x0000000440000000, 0x00000004404cfb90, 0x0000000440800000| 60%| E|  |TAMS 0x0000000440000000, 0x0000000440000000| Complete 
| 127|0x0000000440800000, 0x0000000441000000, 0x0000000441000000|100%| E|CS|TAMS 0x0000000440800000, 0x0000000440800000| Complete 

Card table byte_map: [0x000002d21b520000,0x000002d21d520000] _byte_map_base: 0x000002d219518000

Marking Bits (Prev, Next): (CMBitMap*) 0x000002d2008d35d0, (CMBitMap*) 0x000002d2008d3610
 Prev Bits: [0x000002d21f520000, 0x000002d22f4e0000)
 Next Bits: [0x000002d22f4e0000, 0x000002d23f4a0000)

Polling page: 0x000002d200000000

Metaspace:

Usage:
  Non-class:      3.80 MB used.
      Class:    203.10 KB used.
       Both:      4.00 MB used.

Virtual space:
  Non-class space:        8.00 MB reserved,       3.88 MB ( 48%) committed,  1 nodes.
      Class space:        1.00 GB reserved,     320.00 KB ( <1%) committed,  1 nodes.
              Both:        1.01 GB reserved,       4.19 MB ( <1%) committed. 

Chunk freelists:
   Non-Class:  1.51 MB
       Class:  3.61 MB
        Both:  5.13 MB

MaxMetaspaceSize: 17179869184.00 GB
CompressedClassSpaceSize: 1.00 GB
 - commit_granule_bytes: 65536.
 - commit_granule_words: 8192.
 - virtual_space_node_default_size: 1048576.
 - enlarge_chunks_in_place: 1.
 - new_chunks_are_fully_committed: 0.
 - uncommit_free_chunks: 1.
 - use_allocation_guard: 0.
 - handle_deallocations: 1.


Internal statistics:

num_allocs_failed_limit: 0.
num_arena_births: 88.
num_arena_deaths: 0.
num_vsnodes_births: 2.
num_vsnodes_deaths: 0.
num_space_committed: 65.
num_space_uncommitted: 0.
num_chunks_returned_to_freelist: 0.
num_chunks_taken_from_freelist: 197.
num_chunk_merges: 0.
num_chunk_splits: 132.
num_chunks_enlarged: 94.
num_purges: 0.

CodeHeap 'non-profiled nmethods': size=118848Kb used=208Kb max_used=208Kb free=118639Kb
 bounds [0x000002d210de0000, 0x000002d211050000, 0x000002d2181f0000]
CodeHeap 'profiled nmethods': size=118848Kb used=1177Kb max_used=1177Kb free=117670Kb
 bounds [0x000002d2099d0000, 0x000002d209c40000, 0x000002d210de0000]
CodeHeap 'non-nmethods': size=8064Kb used=2716Kb max_used=2730Kb free=5348Kb
 bounds [0x000002d2091f0000, 0x000002d2094a0000, 0x000002d2099d0000]
 total_blobs=1743 nmethods=733 adapters=921
 compilation: enabled
              stopped_count=0, restarted_count=0
 full_count=0

Compilation events (20 events):
Event: 0.422 Thread 0x000002d2463d82c0 nmethod 724 0x000002d209af0290 code [0x000002d209af04a0, 0x000002d209af0a38]
Event: 0.423 Thread 0x000002d2432dc110 nmethod 725 0x000002d209af0c90 code [0x000002d209af0ee0, 0x000002d209af1778]
Event: 0.423 Thread 0x000002d24dcd4430 nmethod 716 0x000002d210e13590 code [0x000002d210e13700, 0x000002d210e13838]
Event: 0.423 Thread 0x000002d2432dc110  726       3       java.io.File::isInvalid (48 bytes)
Event: 0.423 Thread 0x000002d2432dc110 nmethod 726 0x000002d209af1a10 code [0x000002d209af1c00, 0x000002d209af2118]
Event: 0.423 Thread 0x000002d2431acf60 nmethod 715 0x000002d210e13890 code [0x000002d210e13a20, 0x000002d210e13f18]
Event: 0.423 Thread 0x000002d2432dc110  727       3       java.io.WinNTFileSystem::prefixLength (91 bytes)
Event: 0.424 Thread 0x000002d2432dc110 nmethod 727 0x000002d209af2290 code [0x000002d209af25c0, 0x000002d209af3958]
Event: 0.425 Thread 0x000002d2432dc110  728   !   3       java.util.zip.Inflater::needsInput (55 bytes)
Event: 0.425 Thread 0x000002d2432dc110 nmethod 728 0x000002d209af4010 code [0x000002d209af41c0, 0x000002d209af4578]
Event: 0.426 Thread 0x000002d2463d82c0  729       3       jdk.internal.misc.Unsafe::checkNativeAddress (28 bytes)
Event: 0.426 Thread 0x000002d2463d82c0 nmethod 729 0x000002d209af4690 code [0x000002d209af4820, 0x000002d209af4938]
Event: 0.426 Thread 0x000002d2432dc110  730       3       java.nio.ByteBuffer::flip (7 bytes)
Event: 0.426 Thread 0x000002d2431d7a80  731       3       java.nio.Buffer::flip (20 bytes)
Event: 0.426 Thread 0x000002d2431d7a80 nmethod 731 0x000002d209af4a10 code [0x000002d209af4ba0, 0x000002d209af4cb8]
Event: 0.426 Thread 0x000002d2432dc110 nmethod 730 0x000002d209af4d90 code [0x000002d209af4f40, 0x000002d209af50b8]
Event: 0.427 Thread 0x000002d2463d82c0  732       3       jdk.internal.jimage.BasicImageReader::getAttributes (49 bytes)
Event: 0.427 Thread 0x000002d2432dc110  733       3       jdk.internal.jimage.ImageLocation::verify (50 bytes)
Event: 0.428 Thread 0x000002d2463d82c0 nmethod 732 0x000002d209af5190 code [0x000002d209af5360, 0x000002d209af5668]
Event: 0.428 Thread 0x000002d2432dc110 nmethod 733 0x000002d209af5790 code [0x000002d209af59c0, 0x000002d209af6148]

GC Heap History (0 events):
No events

Deoptimization events (10 events):
Event: 0.087 Thread 0x000002d200816480 DEOPT PACKING pc=0x000002d2099ead67 sp=0x000000e2d36f59a0
Event: 0.087 Thread 0x000002d200816480 DEOPT UNPACKING pc=0x000002d20923dece sp=0x000000e2d36f4dc0 mode 0
Event: 0.098 Thread 0x000002d200816480 Uncommon trap: trap_request=0xffffff45 fr.pc=0x000002d210dfc304 relative=0x0000000000000064
Event: 0.098 Thread 0x000002d200816480 Uncommon trap: reason=unstable_if action=reinterpret pc=0x000002d210dfc304 method=java.io.WinNTFileSystem.isSlash(C)Z @ 9 c2
Event: 0.098 Thread 0x000002d200816480 DEOPT PACKING pc=0x000002d210dfc304 sp=0x000000e2d36fb610
Event: 0.098 Thread 0x000002d200816480 DEOPT UNPACKING pc=0x000002d20923d72e sp=0x000000e2d36fb598 mode 2
Event: 0.361 Thread 0x000002d200816480 Uncommon trap: trap_request=0xffffff54 fr.pc=0x000002d210e0cb80 relative=0x0000000000000060
Event: 0.361 Thread 0x000002d200816480 Uncommon trap: reason=speculate_null_assert action=make_not_entrant pc=0x000002d210e0cb80 method=sun.misc.Unsafe.putLong(Ljava/lang/Object;JJ)V @ 7 c2
Event: 0.361 Thread 0x000002d200816480 DEOPT PACKING pc=0x000002d210e0cb80 sp=0x000000e2d36fec00
Event: 0.361 Thread 0x000002d200816480 DEOPT UNPACKING pc=0x000002d20923d72e sp=0x000000e2d36feb78 mode 2

Classes unloaded (0 events):
No events

Classes redefined (0 events):
No events

Internal exceptions (20 events):
Event: 0.084 Thread 0x000002d200816480 Exception <a 'java/lang/NoSuchMethodError'{0x0000000440dafcf8}: 'int java.lang.invoke.DirectMethodHandle$Holder.invokeSpecial(java.lang.Object, java.lang.Object, java.lang.Object)'> (0x0000000440dafcf8) 
thrown [c:\wsjdk\correttojdksrc\installers\windows\zip\corretto-build\buildroot\src\hotspot\share\interpreter\linkResolver.cpp, line 790]
Event: 0.102 Thread 0x000002d200816480 Exception <a 'sun/nio/fs/WindowsException'{0x0000000440e22888}> (0x0000000440e22888) 
thrown [c:\wsjdk\correttojdksrc\installers\windows\zip\corretto-build\buildroot\src\hotspot\share\prims\jni.cpp, line 579]
Event: 0.102 Thread 0x000002d200816480 Exception <a 'sun/nio/fs/WindowsException'{0x0000000440e22dd8}> (0x0000000440e22dd8) 
thrown [c:\wsjdk\correttojdksrc\installers\windows\zip\corretto-build\buildroot\src\hotspot\share\prims\jni.cpp, line 579]
Event: 0.109 Thread 0x000002d200816480 Exception <a 'java/lang/NoSuchMethodError'{0x0000000440e5f7a8}: 'int java.lang.invoke.DirectMethodHandle$Holder.invokeStaticInit(java.lang.Object, java.lang.Object, int, long)'> (0x0000000440e5f7a8) 
thrown [c:\wsjdk\correttojdksrc\installers\windows\zip\corretto-build\buildroot\src\hotspot\share\interpreter\linkResolver.cpp, line 790]
Event: 0.109 Thread 0x000002d200816480 Exception <a 'java/lang/NoSuchMethodError'{0x0000000440e65278}: 'java.lang.Object java.lang.invoke.DirectMethodHandle$Holder.newInvokeSpecial(java.lang.Object, java.lang.Object, int)'> (0x0000000440e65278) 
thrown [c:\wsjdk\correttojdksrc\installers\windows\zip\corretto-build\buildroot\src\hotspot\share\interpreter\linkResolver.cpp, line 790]
Event: 0.110 Thread 0x000002d200816480 Exception <a 'java/lang/NoSuchMethodError'{0x0000000440e75ab8}: 'int java.lang.invoke.DirectMethodHandle$Holder.invokeStaticInit(java.lang.Object, java.lang.Object, long, long)'> (0x0000000440e75ab8) 
thrown [c:\wsjdk\correttojdksrc\installers\windows\zip\corretto-build\buildroot\src\hotspot\share\interpreter\linkResolver.cpp, line 790]
Event: 0.111 Thread 0x000002d200816480 Exception <a 'java/lang/NoSuchMethodError'{0x0000000440e7bad8}: 'java.lang.Object java.lang.invoke.DirectMethodHandle$Holder.newInvokeSpecial(java.lang.Object, java.lang.Object, long)'> (0x0000000440e7bad8) 
thrown [c:\wsjdk\correttojdksrc\installers\windows\zip\corretto-build\buildroot\src\hotspot\share\interpreter\linkResolver.cpp, line 790]
Event: 0.111 Thread 0x000002d200816480 Exception <a 'java/lang/NoSuchMethodError'{0x0000000440e7f5a0}: 'java.lang.Object java.lang.invoke.Invokers$Holder.linkToTargetMethod(java.lang.Object, long, java.lang.Object)'> (0x0000000440e7f5a0) 
thrown [c:\wsjdk\correttojdksrc\installers\windows\zip\corretto-build\buildroot\src\hotspot\share\interpreter\linkResolver.cpp, line 790]
Event: 0.111 Thread 0x000002d200816480 Exception <a 'java/lang/NoSuchMethodError'{0x0000000440e86e00}: 'int java.lang.invoke.DirectMethodHandle$Holder.invokeStaticInit(java.lang.Object, java.lang.Object, java.lang.Object, long)'> (0x0000000440e86e00) 
thrown [c:\wsjdk\correttojdksrc\installers\windows\zip\corretto-build\buildroot\src\hotspot\share\interpreter\linkResolver.cpp, line 790]
Event: 0.124 Thread 0x000002d200816480 Exception <a 'sun/nio/fs/WindowsException'{0x0000000440f4eb10}> (0x0000000440f4eb10) 
thrown [c:\wsjdk\correttojdksrc\installers\windows\zip\corretto-build\buildroot\src\hotspot\share\prims\jni.cpp, line 579]
Event: 0.124 Thread 0x000002d200816480 Exception <a 'sun/nio/fs/WindowsException'{0x0000000440f4ee70}> (0x0000000440f4ee70) 
thrown [c:\wsjdk\correttojdksrc\installers\windows\zip\corretto-build\buildroot\src\hotspot\share\prims\jni.cpp, line 579]
Event: 0.333 Thread 0x000002d200816480 Exception <a 'java/lang/NoSuchMethodError'{0x0000000440fb0ae0}: 'void java.lang.invoke.DirectMethodHandle$Holder.invokeStaticInit(java.lang.Object, long, double, double)'> (0x0000000440fb0ae0) 
thrown [c:\wsjdk\correttojdksrc\installers\windows\zip\corretto-build\buildroot\src\hotspot\share\interpreter\linkResolver.cpp, line 790]
Event: 0.334 Thread 0x000002d200816480 Exception <a 'java/lang/NoSuchMethodError'{0x0000000440fc1b18}: 'void java.lang.invoke.DirectMethodHandle$Holder.invokeStaticInit(java.lang.Object, long, int, int, int)'> (0x0000000440fc1b18) 
thrown [c:\wsjdk\correttojdksrc\installers\windows\zip\corretto-build\buildroot\src\hotspot\share\interpreter\linkResolver.cpp, line 790]
Event: 0.336 Thread 0x000002d200816480 Exception <a 'java/lang/NoSuchMethodError'{0x0000000440fdd9b8}: 'void java.lang.invoke.DirectMethodHandle$Holder.invokeStaticInit(java.lang.Object, long, int, int, int, int)'> (0x0000000440fdd9b8) 
thrown [c:\wsjdk\correttojdksrc\installers\windows\zip\corretto-build\buildroot\src\hotspot\share\interpreter\linkResolver.cpp, line 790]
Event: 0.357 Thread 0x000002d200816480 Exception <a 'sun/nio/fs/WindowsException'{0x0000000440019a50}> (0x0000000440019a50) 
thrown [c:\wsjdk\correttojdksrc\installers\windows\zip\corretto-build\buildroot\src\hotspot\share\prims\jni.cpp, line 579]
Event: 0.357 Thread 0x000002d200816480 Exception <a 'sun/nio/fs/WindowsException'{0x0000000440019df8}> (0x0000000440019df8) 
thrown [c:\wsjdk\correttojdksrc\installers\windows\zip\corretto-build\buildroot\src\hotspot\share\prims\jni.cpp, line 579]
Event: 0.358 Thread 0x000002d200816480 Exception <a 'sun/nio/fs/WindowsException'{0x00000004400278f0}> (0x00000004400278f0) 
thrown [c:\wsjdk\correttojdksrc\installers\windows\zip\corretto-build\buildroot\src\hotspot\share\prims\jni.cpp, line 579]
Event: 0.358 Thread 0x000002d200816480 Exception <a 'sun/nio/fs/WindowsException'{0x0000000440027bd0}> (0x0000000440027bd0) 
thrown [c:\wsjdk\correttojdksrc\installers\windows\zip\corretto-build\buildroot\src\hotspot\share\prims\jni.cpp, line 579]
Event: 0.426 Thread 0x000002d200816480 Exception <a 'sun/nio/fs/WindowsException'{0x000000044040f668}> (0x000000044040f668) 
thrown [c:\wsjdk\correttojdksrc\installers\windows\zip\corretto-build\buildroot\src\hotspot\share\prims\jni.cpp, line 579]
Event: 0.426 Thread 0x000002d200816480 Exception <a 'sun/nio/fs/WindowsException'{0x000000044040f9e8}> (0x000000044040f9e8) 
thrown [c:\wsjdk\correttojdksrc\installers\windows\zip\corretto-build\buildroot\src\hotspot\share\prims\jni.cpp, line 579]

Events (20 events):
Event: 0.110 loading class jdk/internal/access/foreign/MemorySegmentProxy
Event: 0.110 loading class jdk/internal/access/foreign/MemorySegmentProxy done
Event: 0.112 loading class java/nio/InvalidMarkException
Event: 0.112 loading class java/nio/InvalidMarkException done
Event: 0.112 loading class java/nio/BufferUnderflowException
Event: 0.112 loading class java/nio/BufferUnderflowException done
Event: 0.124 loading class java/lang/NoSuchFieldError
Event: 0.124 loading class java/lang/NoSuchFieldError done
Event: 0.126 loading class jdk/internal/misc/ScopedMemoryAccess$Scope
Event: 0.126 loading class jdk/internal/misc/ScopedMemoryAccess$Scope done
Event: 0.127 loading class jdk/internal/reflect/UnsafeQualifiedStaticIntegerFieldAccessorImpl
Event: 0.127 loading class jdk/internal/reflect/UnsafeQualifiedStaticIntegerFieldAccessorImpl done
Event: 0.332 Thread 0x000002d24416eac0 Thread exited: 0x000002d24416eac0
Event: 0.357 Loaded shared library C:\Users\josht\AppData\Local\Temp\lwjgljosht\3.3.1-build-7\lwjgl_opengl.dll
Event: 0.377 Thread 0x000002d2463d82c0 Thread added: 0x000002d2463d82c0
Event: 0.391 loading class java/io/Externalizable
Event: 0.391 loading class java/io/Externalizable done
Event: 0.391 Loaded shared library D:\Java\SDK\bin\verify.dll
Event: 0.419 Thread 0x000002d24dcd4430 Thread added: 0x000002d24dcd4430
Event: 0.427 Loaded shared library C:\Users\josht\AppData\Local\Temp\lwjgljosht\3.3.1-build-7\lwjgl_stb.dll


Dynamic libraries:
0x00007ff7cb100000 - 0x00007ff7cb10d000 	D:\Java\SDK\bin\java.exe
0x00007ff824270000 - 0x00007ff824468000 	C:\Windows\SYSTEM32\ntdll.dll
0x00007ff8222e0000 - 0x00007ff82239d000 	C:\Windows\System32\KERNEL32.DLL
0x00007ff821c10000 - 0x00007ff821ede000 	C:\Windows\System32\KERNELBASE.dll
0x00007ff8219c0000 - 0x00007ff821ac0000 	C:\Windows\System32\ucrtbase.dll
0x00007ff81a190000 - 0x00007ff81a1a8000 	D:\Java\SDK\bin\jli.dll
0x00007ff80c180000 - 0x00007ff80c195000 	D:\Java\SDK\bin\VCRUNTIME140.dll
0x00007ff823600000 - 0x00007ff8237a0000 	C:\Windows\System32\USER32.dll
0x00007ff821990000 - 0x00007ff8219b2000 	C:\Windows\System32\win32u.dll
0x00007ff80dcf0000 - 0x00007ff80df8a000 	C:\Windows\WinSxS\amd64_microsoft.windows.common-controls_6595b64144ccf1df_6.0.19041.1110_none_60b5254171f9507e\COMCTL32.dll
0x00007ff8240e0000 - 0x00007ff82410a000 	C:\Windows\System32\GDI32.dll
0x00007ff821f70000 - 0x00007ff82207b000 	C:\Windows\System32\gdi32full.dll
0x00007ff822450000 - 0x00007ff8224ee000 	C:\Windows\System32\msvcrt.dll
0x00007ff821b70000 - 0x00007ff821c0d000 	C:\Windows\System32\msvcp_win.dll
0x00007ff823480000 - 0x00007ff8234b0000 	C:\Windows\System32\IMM32.DLL
0x00007ffffeb50000 - 0x00007ffffebeb000 	D:\Java\SDK\bin\msvcp140.dll
0x00007fffc8f70000 - 0x00007fffc9b79000 	D:\Java\SDK\bin\server\jvm.dll
0x00007ff823810000 - 0x00007ff8238be000 	C:\Windows\System32\ADVAPI32.dll
0x00007ff822830000 - 0x00007ff8228cc000 	C:\Windows\System32\sechost.dll
0x00007ff823b40000 - 0x00007ff823c65000 	C:\Windows\System32\RPCRT4.dll
0x00007ff8222d0000 - 0x00007ff8222d8000 	C:\Windows\System32\PSAPI.DLL
0x00007fffbe930000 - 0x00007fffbe939000 	C:\Windows\SYSTEM32\WSOCK32.dll
0x00007ff8177f0000 - 0x00007ff817817000 	C:\Windows\SYSTEM32\WINMM.dll
0x00007ff819f90000 - 0x00007ff819f9a000 	C:\Windows\SYSTEM32\VERSION.dll
0x00007ff8237a0000 - 0x00007ff82380b000 	C:\Windows\System32\WS2_32.dll
0x00007ff81f8b0000 - 0x00007ff81f8c2000 	C:\Windows\SYSTEM32\kernel.appcore.dll
0x00007ff81b740000 - 0x00007ff81b74a000 	D:\Java\SDK\bin\jimage.dll
0x00007ff81a9c0000 - 0x00007ff81aba4000 	C:\Windows\SYSTEM32\DBGHELP.DLL
0x00007ff811fa0000 - 0x00007ff811fcc000 	C:\Windows\SYSTEM32\dbgcore.DLL
0x00007ff821ee0000 - 0x00007ff821f62000 	C:\Windows\System32\bcryptPrimitives.dll
0x00007ff807250000 - 0x00007ff807275000 	D:\Java\SDK\bin\java.dll
0x00007ff822970000 - 0x00007ff8230b4000 	C:\Windows\System32\SHELL32.dll
0x00007ff81fab0000 - 0x00007ff820244000 	C:\Windows\SYSTEM32\windows.storage.dll
0x00007ff823120000 - 0x00007ff823474000 	C:\Windows\System32\combase.dll
0x00007ff8213f0000 - 0x00007ff821420000 	C:\Windows\SYSTEM32\Wldp.dll
0x00007ff8223a0000 - 0x00007ff82244d000 	C:\Windows\System32\SHCORE.dll
0x00007ff823920000 - 0x00007ff823975000 	C:\Windows\System32\shlwapi.dll
0x00007ff8218d0000 - 0x00007ff8218ef000 	C:\Windows\SYSTEM32\profapi.dll
0x00007ff808e00000 - 0x00007ff808e19000 	D:\Java\SDK\bin\net.dll
0x00007ff818e70000 - 0x00007ff818f7a000 	C:\Windows\SYSTEM32\WINHTTP.dll
0x00007ff821150000 - 0x00007ff8211ba000 	C:\Windows\system32\mswsock.dll
0x00007ff808a70000 - 0x00007ff808a83000 	D:\Java\SDK\bin\nio.dll
0x00007ff807520000 - 0x00007ff807538000 	D:\Java\SDK\bin\zip.dll
0x00007fffff710000 - 0x00007fffff785000 	C:\Users\josht\AppData\Local\Temp\lwjgljosht\3.3.1-build-7\lwjgl.dll
0x00007ff802760000 - 0x00007ff8027c1000 	C:\Users\josht\AppData\Local\Temp\lwjgljosht\3.3.1-build-7\glfw.dll
0x00007ff80a840000 - 0x00007ff80a885000 	C:\Windows\SYSTEM32\dinput8.dll
0x00007ff81a150000 - 0x00007ff81a161000 	C:\Windows\SYSTEM32\xinput1_4.dll
0x00007ff822080000 - 0x00007ff8220ce000 	C:\Windows\System32\cfgmgr32.dll
0x00007ff821740000 - 0x00007ff82176c000 	C:\Windows\SYSTEM32\DEVOBJ.dll
0x00007ff81f6d0000 - 0x00007ff81f6ff000 	C:\Windows\SYSTEM32\dwmapi.dll
0x00007ff807ab0000 - 0x00007ff807c02000 	C:\Windows\SYSTEM32\inputhost.dll
0x00007ff823a70000 - 0x00007ff823b3d000 	C:\Windows\System32\OLEAUT32.dll
0x00007ff81e4b0000 - 0x00007ff81e604000 	C:\Windows\SYSTEM32\wintypes.dll
0x00007ff81eee0000 - 0x00007ff81efd2000 	C:\Windows\SYSTEM32\CoreMessaging.dll
0x00007ff81d560000 - 0x00007ff81d656000 	C:\Windows\SYSTEM32\PROPSYS.dll
0x00007ff81eb80000 - 0x00007ff81eede000 	C:\Windows\SYSTEM32\CoreUIComponents.dll
0x00007ff820690000 - 0x00007ff8206c3000 	C:\Windows\SYSTEM32\ntmarta.dll
0x00007ff81f3d0000 - 0x00007ff81f46e000 	C:\Windows\system32\uxtheme.dll
0x00007ff824110000 - 0x00007ff824225000 	C:\Windows\System32\MSCTF.dll
0x00007fffbed80000 - 0x00007fffbeea7000 	C:\Windows\SYSTEM32\opengl32.dll
0x00007fffbeae0000 - 0x00007fffbeb0c000 	C:\Windows\SYSTEM32\GLU32.dll
0x00007ff8224f0000 - 0x00007ff822599000 	C:\Windows\System32\clbcatq.dll
0x00007fffa1010000 - 0x00007fffa103d000 	C:\Windows\System32\DriverStore\FileRepository\u0380149.inf_amd64_8786656614ef748a\B380089\atig6pxx.dll
0x00007fff95050000 - 0x00007fff97ee9000 	C:\Windows\System32\DriverStore\FileRepository\u0380149.inf_amd64_8786656614ef748a\B380089\atio6axx.dll
0x00007ff823c70000 - 0x00007ff8240df000 	C:\Windows\System32\SETUPAPI.dll
0x00007ff8222a0000 - 0x00007ff8222c7000 	C:\Windows\System32\bcrypt.dll
0x00007fffebbf0000 - 0x00007fffebc14000 	C:\Windows\SYSTEM32\dxva2.dll
0x00007ff8234b0000 - 0x00007ff8235da000 	C:\Windows\System32\ole32.dll
0x00007fffa0fd0000 - 0x00007fffa100f000 	C:\Windows\System32\DriverStore\FileRepository\u0380149.inf_amd64_8786656614ef748a\B380089\atig6txx.dll
0x00007fffd1fe0000 - 0x00007fffd21b6000 	C:\Windows\SYSTEM32\atiadlxx.dll
0x00007ff822230000 - 0x00007ff822298000 	C:\Windows\System32\WINTRUST.dll
0x00007ff8220d0000 - 0x00007ff822226000 	C:\Windows\System32\CRYPT32.dll
0x00007ff821580000 - 0x00007ff821592000 	C:\Windows\SYSTEM32\MSASN1.dll
0x00007ffffffa0000 - 0x00007ffffffe9000 	C:\Windows\SYSTEM32\pdh.dll
0x00007ff817b20000 - 0x00007ff817b5b000 	C:\Windows\SYSTEM32\dxcore.dll
0x00007ff80ca40000 - 0x00007ff80cb39000 	C:\Windows\SYSTEM32\textinputframework.dll
0x00007ff802640000 - 0x00007ff80269d000 	C:\Users\josht\AppData\Local\Temp\lwjgljosht\3.3.1-build-7\lwjgl_opengl.dll
0x00007ff80fdd0000 - 0x00007ff80fde0000 	D:\Java\SDK\bin\verify.dll
0x00007fffff330000 - 0x00007fffff3b1000 	C:\Users\josht\AppData\Local\Temp\lwjgljosht\3.3.1-build-7\lwjgl_stb.dll

dbghelp: loaded successfully - version: 4.0.5 - missing functions: none
symbol engine: initialized successfully - sym options: 0x614 - pdb path: .;D:\Java\SDK\bin;C:\Windows\SYSTEM32;C:\Windows\WinSxS\amd64_microsoft.windows.common-controls_6595b64144ccf1df_6.0.19041.1110_none_60b5254171f9507e;D:\Java\SDK\bin\server;C:\Users\josht\AppData\Local\Temp\lwjgljosht\3.3.1-build-7;C:\Windows\System32\DriverStore\FileRepository\u0380149.inf_amd64_8786656614ef748a\B380089

VM Arguments:
jvm_args: -Dfile.encoding=windows-1252 -Duser.country=US -Duser.language=en -Duser.variant -ea 
java_command: main
java_class_path (initial): D:\CreatedGameEngines\JavaGameEngine\build\classes\java\main;D:\CreatedGameEngines\JavaGameEngine\build\resources\main;C:\Users\josht\.gradle\caches\modules-2\files-2.1\org.lwjgl\lwjgl-assimp\3.3.1\312072f451794f25670aebb0160ce6ec88aff842\lwjgl-assimp-3.3.1.jar;C:\Users\josht\.gradle\caches\modules-2\files-2.1\org.lwjgl\lwjgl-assimp\3.3.1\bfa2a0d57acbf952b716d0ad8a3acbd7ad9f5639\lwjgl-assimp-3.3.1-natives-windows.jar;C:\Users\josht\.gradle\caches\modules-2\files-2.1\org.lwjgl\lwjgl-glfw\3.3.1\cbac1b8d30cb4795149c1ef540f912671a8616d0\lwjgl-glfw-3.3.1.jar;C:\Users\josht\.gradle\caches\modules-2\files-2.1\org.lwjgl\lwjgl-glfw\3.3.1\ed892f945cf7e79c8756796f32d00fa4ceaf573b\lwjgl-glfw-3.3.1-natives-windows.jar;C:\Users\josht\.gradle\caches\modules-2\files-2.1\org.lwjgl\lwjgl-nfd\3.3.1\622318116996ddcff449b46cb38f0fdee39b8ac3\lwjgl-nfd-3.3.1.jar;C:\Users\josht\.gradle\caches\modules-2\files-2.1\org.lwjgl\lwjgl-nfd\3.3.1\869fe532a50455e8b2d924f498bfb95f80b41aed\lwjgl-nfd-3.3.1-natives-windows.jar;C:\Users\josht\.gradle\caches\modules-2\files-2.1\org.lwjgl\lwjgl-openal\3.3.1\2623a6b8ae1dfcd880738656a9f0243d2e6840bd\lwjgl-openal-3.3.1.jar;C:\Users\josht\.gradle\caches\modules-2\files-2.1\org.lwjgl\lwjgl-openal\3.3.1\30a474d0e57193d7bc128849a3ab66bc9316fdb1\lwjgl-openal-3.3.1-natives-windows.jar;C:\Users\josht\.gradle\caches\modules-2\files-2.1\org.lwjgl\lwjgl-opengl\3.3.1\831a5533a21a5f4f81bbc51bb13e9899319b5411\lwjgl-opengl-3.3.1.jar;C:\Users\josht\.gradle\caches\modules-2\files-2.1\org.lwjgl\lwjgl-opengl\3.3.1\c1807e9bd571402787d7e37e3029776ae2513bb8\lwjgl-opengl-3.3.1-natives-windows.jar;C:\Users\josht\.gradle\caches\modules-2\files-2.1\org.lwjgl\lwjgl-stb\3.3.1\b119297cf8ed01f247abe8685857f8e7fcf5980f\lwjgl-stb-3.3.1.jar;C:\Users\josht\.gradle\caches\modules-2\files-2.1\org.lwjgl\lwjgl-stb\3.3.1\86315914ac119efdb02dc9e8e978ade84f1702af\lwjgl-stb-3.3.1-natives-windows.jar;C:\Users\josht\.gradle\caches\modules-2\files-2.1\org.lwjgl\lwjgl\3.3.1\
Launcher Type: SUN_STANDARD

[Global flags]
     intx CICompilerCount                          = 15                                        {product} {ergonomic}
     uint ConcGCThreads                            = 6                                         {product} {ergonomic}
     uint G1ConcRefinementThreads                  = 23                                        {product} {ergonomic}
   size_t G1HeapRegionSize                         = 8388608                                   {product} {ergonomic}
    uintx GCDrainStackTargetSize                   = 64                                        {product} {ergonomic}
   size_t InitialHeapSize                          = 1073741824                                {product} {ergonomic}
   size_t MarkStackSize                            = 4194304                                   {product} {ergonomic}
   size_t MaxHeapSize                              = 17163091968                               {product} {ergonomic}
   size_t MaxNewSize                               = 10292822016                               {product} {ergonomic}
   size_t MinHeapDeltaBytes                        = 8388608                                   {product} {ergonomic}
   size_t MinHeapSize                              = 8388608                                   {product} {ergonomic}
    uintx NonNMethodCodeHeapSize                   = 8192380                                {pd product} {ergonomic}
    uintx NonProfiledCodeHeapSize                  = 121732930                              {pd product} {ergonomic}
    uintx ProfiledCodeHeapSize                     = 121732930                              {pd product} {ergonomic}
    uintx ReservedCodeCacheSize                    = 251658240                              {pd product} {ergonomic}
     bool SegmentedCodeCache                       = true                                      {product} {ergonomic}
   size_t SoftMaxHeapSize                          = 17163091968                            {manageable} {ergonomic}
     bool UseCompressedClassPointers               = true                           {product lp64_product} {ergonomic}
     bool UseCompressedOops                        = true                           {product lp64_product} {ergonomic}
     bool UseG1GC                                  = true                                      {product} {ergonomic}
     bool UseLargePagesIndividualAllocation        = false                                  {pd product} {ergonomic}

Logging:
Log output configuration:
 #0: stdout all=warning uptime,level,tags
 #1: stderr all=off uptime,level,tags

Environment Variables:
PATH=C:\Program Files\Common Files\Oracle\Java\javapath;C:\Program Files\Microsoft\jdk-11.0.12.7-hotspot\bin;C:\Windows\system32;C:\Windows;C:\Windows\System32\Wbem;C:\Windows\System32\WindowsPowerShell\v1.0\;C:\Windows\System32\OpenSSH\;C:\Program Files\Microsoft SQL Server\150\Tools\Binn\;C:\Program Files\dotnet\;C:\Program Files\Git\cmd;C:\Program Files\Git LFS;C:\Users\josht\AppData\Local\Microsoft\WindowsApps;C:\Users\josht\.dotnet\tools;C:\Users\josht\AppData\Local\Programs\Microsoft VS Code\bin;C:\Compilers\mingw64\bin;C:\Program Files\JetBrains\JetBrains Rider 2022.1.2\bin;C:\Users\josht\AppData\Local\JetBrains\Toolbox\scripts;C:\Users\josht\.dotnet\tools;C:\ProgramData\josht\GitHubDesktop\bin;C:\Users\josht\AppData\Local\GitHubDesktop\bin
USERNAME=josht
OS=Windows_NT
PROCESSOR_IDENTIFIER=AMD64 Family 25 Model 33 Stepping 0, AuthenticAMD



---------------  S Y S T E M  ---------------

OS:
 Windows 10 , 64 bit Build 19041 (10.0.19041.1889)
OS uptime: 2 days 18:10 hours

CPU: total 32 (initial active 32) (32 cores per cpu, 2 threads per core) family 25 model 33 stepping 0 microcode 0x0, cx8, cmov, fxsr, ht, mmx, 3dnowpref, sse, sse2, sse3, ssse3, sse4a, sse4.1, sse4.2, popcnt, lzcnt, tsc, tscinvbit, avx, avx2, aes, erms, clmul, bmi1, bmi2, adx, sha, fma, vzeroupper, clflush, clflushopt

Memory: 4k page, system-wide physical 65456M (49254M free)
TotalPageFile size 75184M (AvailPageFile size 51973M)
current process WorkingSet (physical memory assigned to process): 111M, peak: 111M
current process commit charge ("private bytes"): 1325M, peak: 1325M

vm_info: OpenJDK 64-Bit Server VM (16.0.2+7) for windows-amd64 JRE (16.0.2+7), built on Jul 22 2021 01:11:46 by "Administrator" with MS VC++ 15.9 (VS2017)

END.
